0 info it worked if it ends with ok
1 verbose cli [ '/Users/a13694/.nodebrew/node/v6.5.0/bin/node',
1 verbose cli   '/Users/a13694/.npmbrew/current/bin/npm',
1 verbose cli   'run',
1 verbose cli   'ios-safari' ]
2 info using npm@2.7.0
3 info using node@v6.5.0
4 verbose run-script [ 'preios-safari', 'ios-safari', 'postios-safari' ]
5 info preios-safari appium-sample-code@1.0.0
6 info ios-safari appium-sample-code@1.0.0
7 verbose unsafe-perm in lifecycle true
8 info appium-sample-code@1.0.0 Failed to exec ios-safari script
9 verbose stack Error: appium-sample-code@1.0.0 ios-safari: `mocha ios-safari.js`
9 verbose stack Exit status 2
9 verbose stack     at EventEmitter.<anonymous> (/Users/a13694/.npmbrew/npm/v2.7.0/lib/utils/lifecycle.js:213:16)
9 verbose stack     at emitTwo (events.js:106:13)
9 verbose stack     at EventEmitter.emit (events.js:191:7)
9 verbose stack     at ChildProcess.<anonymous> (/Users/a13694/.npmbrew/npm/v2.7.0/lib/utils/spawn.js:14:12)
9 verbose stack     at emitTwo (events.js:106:13)
9 verbose stack     at ChildProcess.emit (events.js:191:7)
9 verbose stack     at maybeClose (internal/child_process.js:877:16)
9 verbose stack     at Process.ChildProcess._handle.onexit (internal/child_process.js:226:5)
10 verbose pkgid appium-sample-code@1.0.0
11 verbose cwd /Users/a13694/home/ozemi/repo/sample-code/sample-code/examples/node
12 error Darwin 15.6.0
13 error argv "/Users/a13694/.nodebrew/node/v6.5.0/bin/node" "/Users/a13694/.npmbrew/current/bin/npm" "run" "ios-safari"
14 error node v6.5.0
15 error npm  v2.7.0
16 error code ELIFECYCLE
17 error appium-sample-code@1.0.0 ios-safari: `mocha ios-safari.js`
17 error Exit status 2
18 error Failed at the appium-sample-code@1.0.0 ios-safari script 'mocha ios-safari.js'.
18 error This is most likely a problem with the appium-sample-code package,
18 error not with npm itself.
18 error Tell the author that this fails on your system:
18 error     mocha ios-safari.js
18 error You can get their info via:
18 error     npm owner ls appium-sample-code
18 error There is likely additional logging output above.
19 verbose exit [ 1, true ]
